<?xml version="1.0" encoding="UTF-8"?>
<testng-results ignored="0" total="9" passed="8" failed="1" skipped="0">
  <reporter-output>
  </reporter-output>
  <suite started-at="2025-04-03T23:02:03 IST" name="Suite" finished-at="2025-04-03T23:03:06 IST" duration-ms="63943">
    <groups>
    </groups>
    <test started-at="2025-04-03T23:02:03 IST" name="Test" finished-at="2025-04-03T23:03:06 IST" duration-ms="63943">
      <class name="Infy.SeleniumProject.loginTest">
        <test-method is-config="true" signature="setup()[pri:0, instance:Infy.SeleniumProject.loginTest@7f552bd3]" started-at="2025-04-03T23:02:03 IST" name="setup" finished-at="2025-04-03T23:02:09 IST" duration-ms="5122" status="PASS">
          <reporter-output>
          </reporter-output>
        </test-method> <!-- setup -->
        <test-method signature="validate(java.lang.String,java.lang.String)[pri:1, instance:Infy.SeleniumProject.loginTest@7f552bd3]" started-at="2025-04-03T23:02:09 IST" name="validate" data-provider="supplyTestData" finished-at="2025-04-03T23:02:10 IST" duration-ms="1033" status="PASS">
          <params>
            <param index="0">
              <value>
                <![CDATA[AkshayBirajdar87@gmail.com]]>
              </value>
            </param>
            <param index="1">
              <value>
                <![CDATA[Akshay8794]]>
              </value>
            </param>
          </params>
          <reporter-output>
          </reporter-output>
        </test-method> <!-- validate -->
        <test-method is-config="true" signature="teardown()[pri:0, instance:Infy.SeleniumProject.loginTest@7f552bd3]" started-at="2025-04-03T23:02:10 IST" name="teardown" finished-at="2025-04-03T23:02:10 IST" duration-ms="167" status="PASS">
          <reporter-output>
          </reporter-output>
        </test-method> <!-- teardown -->
        <test-method is-config="true" signature="setup()[pri:0, instance:Infy.SeleniumProject.loginTest@7f552bd3]" started-at="2025-04-03T23:02:10 IST" name="setup" finished-at="2025-04-03T23:02:14 IST" duration-ms="4123" status="PASS">
          <reporter-output>
          </reporter-output>
        </test-method> <!-- setup -->
        <test-method signature="validate(java.lang.String,java.lang.String)[pri:1, instance:Infy.SeleniumProject.loginTest@7f552bd3]" started-at="2025-04-03T23:02:14 IST" name="validate" data-provider="supplyTestData" finished-at="2025-04-03T23:02:25 IST" duration-ms="11070" status="FAIL">
          <params>
            <param index="0">
              <value>
                <![CDATA[anjalidhumshetti9806@gmail.com]]>
              </value>
            </param>
            <param index="1">
              <value>
                <![CDATA[anjali9806]]>
              </value>
            </param>
          </params>
          <exception class="org.openqa.selenium.NoSuchElementException">
            <message>
              <![CDATA[no such element: Unable to locate element: {"method":"link text","selector":"Edit your account information"}
  (Session info: chrome=134.0.6998.178)
For documentation on this error, please visit: https://www.selenium.dev/documentation/webdriver/troubleshooting/errors#no-such-element-exception
Build info: version: '4.28.1', revision: '73f5ad48a2'
System info: os.name: 'Windows 10', os.arch: 'amd64', os.version: '10.0', java.version: '17.0.12'
Driver info: org.openqa.selenium.chrome.ChromeDriver
Command: [614b432d9797e8ec57a014dfb58de1b2, findElement {using=link text, value=Edit your account information}]
Capabilities {acceptInsecureCerts: false, browserName: chrome, browserVersion: 134.0.6998.178, chrome: {chromedriverVersion: 134.0.6998.165 (fd886e2cb29..., userDataDir: C:\Users\AKSHAY~1\AppData\L...}, fedcm:accounts: true, goog:chromeOptions: {debuggerAddress: localhost:62354}, networkConnectionEnabled: false, pageLoadStrategy: normal, platformName: windows, proxy: Proxy(), se:cdp: ws://localhost:62354/devtoo..., se:cdpVersion: 134.0.6998.178, setWindowRect: true, strictFileInteractability: false, timeouts: {implicit: 0, pageLoad: 300000, script: 30000}, unhandledPromptBehavior: dismiss and notify, webauthn:extension:credBlob: true, webauthn:extension:largeBlob: true, webauthn:extension:minPinLength: true, webauthn:extension:prf: true, webauthn:virtualAuthenticators: true}
Session ID: 614b432d9797e8ec57a014dfb58de1b2]]>
            </message>
            <full-stacktrace>
              <![CDATA[org.openqa.selenium.NoSuchElementException: no such element: Unable to locate element: {"method":"link text","selector":"Edit your account information"}
  (Session info: chrome=134.0.6998.178)
For documentation on this error, please visit: https://www.selenium.dev/documentation/webdriver/troubleshooting/errors#no-such-element-exception
Build info: version: '4.28.1', revision: '73f5ad48a2'
System info: os.name: 'Windows 10', os.arch: 'amd64', os.version: '10.0', java.version: '17.0.12'
Driver info: org.openqa.selenium.chrome.ChromeDriver
Command: [614b432d9797e8ec57a014dfb58de1b2, findElement {using=link text, value=Edit your account information}]
Capabilities {acceptInsecureCerts: false, browserName: chrome, browserVersion: 134.0.6998.178, chrome: {chromedriverVersion: 134.0.6998.165 (fd886e2cb29..., userDataDir: C:\Users\AKSHAY~1\AppData\L...}, fedcm:accounts: true, goog:chromeOptions: {debuggerAddress: localhost:62354}, networkConnectionEnabled: false, pageLoadStrategy: normal, platformName: windows, proxy: Proxy(), se:cdp: ws://localhost:62354/devtoo..., se:cdpVersion: 134.0.6998.178, setWindowRect: true, strictFileInteractability: false, timeouts: {implicit: 0, pageLoad: 300000, script: 30000}, unhandledPromptBehavior: dismiss and notify, webauthn:extension:credBlob: true, webauthn:extension:largeBlob: true, webauthn:extension:minPinLength: true, webauthn:extension:prf: true, webauthn:virtualAuthenticators: true}
Session ID: 614b432d9797e8ec57a014dfb58de1b2
at java.base/jdk.internal.reflect.NativeConstructorAccessorImpl.newInstance0(Native Method)
at java.base/jdk.internal.reflect.NativeConstructorAccessorImpl.newInstance(NativeConstructorAccessorImpl.java:77)
at java.base/jdk.internal.reflect.DelegatingConstructorAccessorImpl.newInstance(DelegatingConstructorAccessorImpl.java:45)
at java.base/java.lang.reflect.Constructor.newInstanceWithCaller(Constructor.java:499)
at java.base/java.lang.reflect.Constructor.newInstance(Constructor.java:480)
at org.openqa.selenium.remote.ErrorCodec.decode(ErrorCodec.java:167)
at org.openqa.selenium.remote.codec.w3c.W3CHttpResponseCodec.decode(W3CHttpResponseCodec.java:138)
at org.openqa.selenium.remote.codec.w3c.W3CHttpResponseCodec.decode(W3CHttpResponseCodec.java:50)
at org.openqa.selenium.remote.HttpCommandExecutor.execute(HttpCommandExecutor.java:215)
at org.openqa.selenium.remote.service.DriverCommandExecutor.invokeExecute(DriverCommandExecutor.java:216)
at org.openqa.selenium.remote.service.DriverCommandExecutor.execute(DriverCommandExecutor.java:174)
at org.openqa.selenium.remote.RemoteWebDriver.execute(RemoteWebDriver.java:545)
at org.openqa.selenium.remote.ElementLocation$ElementFinder$2.findElement(ElementLocation.java:165)
at org.openqa.selenium.remote.ElementLocation.findElement(ElementLocation.java:59)
at org.openqa.selenium.remote.RemoteWebDriver.findElement(RemoteWebDriver.java:368)
at org.openqa.selenium.remote.RemoteWebDriver.findElement(RemoteWebDriver.java:362)
at Infy.SeleniumProject.loginTest.validate(loginTest.java:59)
at java.base/jdk.internal.reflect.NativeMethodAccessorImpl.invoke0(Native Method)
at java.base/jdk.internal.reflect.NativeMethodAccessorImpl.invoke(NativeMethodAccessorImpl.java:77)
at java.base/jdk.internal.reflect.DelegatingMethodAccessorImpl.invoke(DelegatingMethodAccessorImpl.java:43)
at java.base/java.lang.reflect.Method.invoke(Method.java:568)
at org.testng.internal.MethodInvocationHelper.invokeMethod(MethodInvocationHelper.java:133)
at org.testng.internal.TestInvoker.invokeMethod(TestInvoker.java:598)
at org.testng.internal.TestInvoker.invokeTestMethod(TestInvoker.java:173)
at org.testng.internal.MethodRunner.runInSequence(MethodRunner.java:46)
at org.testng.internal.TestInvoker$MethodInvocationAgent.invoke(TestInvoker.java:824)
at org.testng.internal.TestInvoker.invokeTestMethods(TestInvoker.java:146)
at org.testng.internal.TestMethodWorker.invokeTestMethods(TestMethodWorker.java:146)
at org.testng.internal.TestMethodWorker.run(TestMethodWorker.java:128)
at java.base/java.util.ArrayList.forEach(ArrayList.java:1511)
at org.testng.TestRunner.privateRun(TestRunner.java:794)
at org.testng.TestRunner.run(TestRunner.java:596)
at org.testng.SuiteRunner.runTest(SuiteRunner.java:377)
at org.testng.SuiteRunner.runSequentially(SuiteRunner.java:371)
at org.testng.SuiteRunner.privateRun(SuiteRunner.java:332)
at org.testng.SuiteRunner.run(SuiteRunner.java:276)
at org.testng.SuiteRunnerWorker.runSuite(SuiteRunnerWorker.java:53)
at org.testng.SuiteRunnerWorker.run(SuiteRunnerWorker.java:96)
at org.testng.TestNG.runSuitesSequentially(TestNG.java:1212)
at org.testng.TestNG.runSuitesLocally(TestNG.java:1134)
at org.testng.TestNG.runSuites(TestNG.java:1063)
at org.testng.TestNG.run(TestNG.java:1031)
at org.apache.maven.surefire.testng.TestNGExecutor.run(TestNGExecutor.java:308)
at org.apache.maven.surefire.testng.TestNGXmlTestSuite.execute(TestNGXmlTestSuite.java:71)
at org.apache.maven.surefire.testng.TestNGProvider.invoke(TestNGProvider.java:113)
at org.apache.maven.surefire.booter.ForkedBooter.runSuitesInProcess(ForkedBooter.java:385)
at org.apache.maven.surefire.booter.ForkedBooter.execute(ForkedBooter.java:162)
at org.apache.maven.surefire.booter.ForkedBooter.run(ForkedBooter.java:507)
at org.apache.maven.surefire.booter.ForkedBooter.main(ForkedBooter.java:495)
]]>
            </full-stacktrace>
          </exception> <!-- org.openqa.selenium.NoSuchElementException -->
          <reporter-output>
          </reporter-output>
        </test-method> <!-- validate -->
        <test-method is-config="true" signature="teardown()[pri:0, instance:Infy.SeleniumProject.loginTest@7f552bd3]" started-at="2025-04-03T23:02:25 IST" name="teardown" finished-at="2025-04-03T23:02:25 IST" duration-ms="199" status="PASS">
          <reporter-output>
          </reporter-output>
        </test-method> <!-- teardown -->
        <test-method is-config="true" signature="setup()[pri:0, instance:Infy.SeleniumProject.loginTest@7f552bd3]" started-at="2025-04-03T23:02:25 IST" name="setup" finished-at="2025-04-03T23:02:30 IST" duration-ms="4869" status="PASS">
          <reporter-output>
          </reporter-output>
        </test-method> <!-- setup -->
        <test-method signature="InvalidCredLogin()[pri:2, instance:Infy.SeleniumProject.loginTest@7f552bd3]" started-at="2025-04-03T23:02:30 IST" name="InvalidCredLogin" finished-at="2025-04-03T23:02:31 IST" duration-ms="976" status="PASS">
          <reporter-output>
          </reporter-output>
        </test-method> <!-- InvalidCredLogin -->
        <test-method is-config="true" signature="teardown()[pri:0, instance:Infy.SeleniumProject.loginTest@7f552bd3]" started-at="2025-04-03T23:02:31 IST" name="teardown" finished-at="2025-04-03T23:02:31 IST" duration-ms="153" status="PASS">
          <reporter-output>
          </reporter-output>
        </test-method> <!-- teardown -->
        <test-method is-config="true" signature="setup()[pri:0, instance:Infy.SeleniumProject.loginTest@7f552bd3]" started-at="2025-04-03T23:02:31 IST" name="setup" finished-at="2025-04-03T23:02:36 IST" duration-ms="4462" status="PASS">
          <reporter-output>
          </reporter-output>
        </test-method> <!-- setup -->
        <test-method signature="InvalidEmailLogin()[pri:3, instance:Infy.SeleniumProject.loginTest@7f552bd3]" started-at="2025-04-03T23:02:36 IST" name="InvalidEmailLogin" finished-at="2025-04-03T23:02:36 IST" duration-ms="596" status="PASS">
          <reporter-output>
          </reporter-output>
        </test-method> <!-- InvalidEmailLogin -->
        <test-method is-config="true" signature="teardown()[pri:0, instance:Infy.SeleniumProject.loginTest@7f552bd3]" started-at="2025-04-03T23:02:36 IST" name="teardown" finished-at="2025-04-03T23:02:36 IST" duration-ms="151" status="PASS">
          <reporter-output>
          </reporter-output>
        </test-method> <!-- teardown -->
        <test-method is-config="true" signature="setup()[pri:0, instance:Infy.SeleniumProject.loginTest@7f552bd3]" started-at="2025-04-03T23:02:36 IST" name="setup" finished-at="2025-04-03T23:02:41 IST" duration-ms="4288" status="PASS">
          <reporter-output>
          </reporter-output>
        </test-method> <!-- setup -->
        <test-method signature="InvalidEmailandcredLogin()[pri:4, instance:Infy.SeleniumProject.loginTest@7f552bd3]" started-at="2025-04-03T23:02:41 IST" name="InvalidEmailandcredLogin" finished-at="2025-04-03T23:02:42 IST" duration-ms="928" status="PASS">
          <reporter-output>
          </reporter-output>
        </test-method> <!-- InvalidEmailandcredLogin -->
        <test-method is-config="true" signature="teardown()[pri:0, instance:Infy.SeleniumProject.loginTest@7f552bd3]" started-at="2025-04-03T23:02:42 IST" name="teardown" finished-at="2025-04-03T23:02:42 IST" duration-ms="151" status="PASS">
          <reporter-output>
          </reporter-output>
        </test-method> <!-- teardown -->
      </class> <!-- Infy.SeleniumProject.loginTest -->
      <class name="Infy.SeleniumProject.SearchTest">
        <test-method is-config="true" signature="setup()[pri:0, instance:Infy.SeleniumProject.SearchTest@64cd705f]" started-at="2025-04-03T23:03:02 IST" name="setup" finished-at="2025-04-03T23:03:06 IST" duration-ms="4050" status="PASS">
          <reporter-output>
          </reporter-output>
        </test-method> <!-- setup -->
        <test-method signature="verifySearchValidProduct()[pri:0, instance:Infy.SeleniumProject.SearchTest@64cd705f]" started-at="2025-04-03T23:03:06 IST" name="verifySearchValidProduct" finished-at="2025-04-03T23:03:06 IST" duration-ms="631" status="PASS">
          <reporter-output>
          </reporter-output>
        </test-method> <!-- verifySearchValidProduct -->
        <test-method is-config="true" signature="teardown()[pri:0, instance:Infy.SeleniumProject.SearchTest@64cd705f]" started-at="2025-04-03T23:03:06 IST" name="teardown" finished-at="2025-04-03T23:03:06 IST" duration-ms="172" status="PASS">
          <reporter-output>
          </reporter-output>
        </test-method> <!-- teardown -->
      </class> <!-- Infy.SeleniumProject.SearchTest -->
      <class name="Infy.SeleniumProject.RegisterTest">
        <test-method signature="ValidateExixting()[pri:0, instance:Infy.SeleniumProject.RegisterTest@57c758ac]" started-at="2025-04-03T23:02:42 IST" name="ValidateExixting" finished-at="2025-04-03T23:02:48 IST" duration-ms="6445" status="PASS">
          <reporter-output>
          </reporter-output>
        </test-method> <!-- ValidateExixting -->
        <test-method is-config="true" signature="teardown()[pri:0, instance:Infy.SeleniumProject.RegisterTest@57c758ac]" started-at="2025-04-03T23:02:48 IST" name="teardown" finished-at="2025-04-03T23:02:48 IST" duration-ms="172" status="PASS">
          <reporter-output>
          </reporter-output>
        </test-method> <!-- teardown -->
        <test-method signature="registerWithoutDEtails()[pri:0, instance:Infy.SeleniumProject.RegisterTest@57c758ac]" started-at="2025-04-03T23:02:48 IST" name="registerWithoutDEtails" finished-at="2025-04-03T23:02:54 IST" duration-ms="5746" status="PASS">
          <reporter-output>
          </reporter-output>
        </test-method> <!-- registerWithoutDEtails -->
        <test-method is-config="true" signature="teardown()[pri:0, instance:Infy.SeleniumProject.RegisterTest@57c758ac]" started-at="2025-04-03T23:02:54 IST" name="teardown" finished-at="2025-04-03T23:02:54 IST" duration-ms="188" status="PASS">
          <reporter-output>
          </reporter-output>
        </test-method> <!-- teardown -->
        <test-method signature="registerlogin()[pri:0, instance:Infy.SeleniumProject.RegisterTest@57c758ac]" started-at="2025-04-03T23:02:54 IST" name="registerlogin" finished-at="2025-04-03T23:03:01 IST" duration-ms="7197" status="PASS">
          <reporter-output>
          </reporter-output>
        </test-method> <!-- registerlogin -->
        <test-method is-config="true" signature="teardown()[pri:0, instance:Infy.SeleniumProject.RegisterTest@57c758ac]" started-at="2025-04-03T23:03:01 IST" name="teardown" finished-at="2025-04-03T23:03:02 IST" duration-ms="154" status="PASS">
          <reporter-output>
          </reporter-output>
        </test-method> <!-- teardown -->
      </class> <!-- Infy.SeleniumProject.RegisterTest -->
    </test> <!-- Test -->
  </suite> <!-- Suite -->
</testng-results>
